<?xml version="1.0" encoding="UTF-8"?>
<!-- Generated by org.testng.reporters.JUnitReportReporter -->
<testsuite hostname="DESKTOP-L43RQ6L" name="idec.Reset_password" tests="1" failures="0" timestamp="5 Apr 2019 12:12:38 GMT" time="19.887" errors="0">
  <testcase name="Reset_Password" time="19.887" classname="idec.Reset_password"/>
</testsuite> <!-- idec.Reset_password -->
