<?xml version="1.0" encoding="UTF-8"?>
<!-- Generated by org.testng.reporters.JUnitReportReporter -->
<testsuite hostname="DESKTOP-L43RQ6L" name="idec.Applicantvalidlogin" tests="1" failures="0" timestamp="5 Apr 2019 12:12:38 GMT" time="24.359" errors="0">
  <testcase name="loginVerify" time="24.359" classname="idec.Applicantvalidlogin"/>
</testsuite> <!-- idec.Applicantvalidlogin -->
