<?xml version="1.0" encoding="UTF-8"?>
<!-- Generated by org.testng.reporters.JUnitReportReporter -->
<testsuite hostname="DESKTOP-L43RQ6L" name="Test.OsgofTest" tests="1" failures="0" timestamp="20 Mar 2019 17:17:24 GMT" time="8.254" errors="0">
  <testcase name="Osgof_Login" time="8.254" classname="Test.OsgofTest"/>
</testsuite> <!-- Test.OsgofTest -->
