<?xml version="1.0" encoding="UTF-8"?>
<!-- Generated by org.testng.reporters.JUnitReportReporter -->
<testsuite hostname="DESKTOP-L43RQ6L" name="dev.payzone.test.Nassarawa_Invoice_test" tests="1" failures="0" timestamp="5 Apr 2019 12:12:38 GMT" time="22.877" errors="0">
  <testcase name="Nassarawa_Invoice" time="22.877" classname="dev.payzone.test.Nassarawa_Invoice_test"/>
</testsuite> <!-- dev.payzone.test.Nassarawa_Invoice_test -->
