<?xml version="1.0" encoding="UTF-8"?>
<!-- Generated by org.testng.reporters.JUnitReportReporter -->
<testsuite hostname="DESKTOP-L43RQ6L" name="Test.uploaddemo" tests="1" failures="0" timestamp="21 Mar 2019 15:15:56 GMT" time="19.135" errors="0">
  <testcase name="Invoke_browser" time="19.135" classname="Test.uploaddemo"/>
</testsuite> <!-- Test.uploaddemo -->
