<?xml version="1.0" encoding="UTF-8"?>
<!-- Generated by org.testng.reporters.JUnitReportReporter -->
<testsuite hostname="DESKTOP-L43RQ6L" name="idec.ideclogin" tests="1" failures="0" timestamp="26 Feb 2019 16:16:55 GMT" time="18.788" errors="0">
  <testcase name="loginVerify" time="18.788" classname="idec.ideclogin"/>
</testsuite> <!-- idec.ideclogin -->
