<?xml version="1.0" encoding="UTF-8"?>
<!-- Generated by org.testng.reporters.JUnitReportReporter -->
<testsuite hostname="DESKTOP-L43RQ6L" name="idec.ApplicantInvalidlogin" tests="1" failures="0" timestamp="5 Apr 2019 12:12:38 GMT" time="16.316" errors="0">
  <testcase name="login" time="16.316" classname="idec.ApplicantInvalidlogin"/>
</testsuite> <!-- idec.ApplicantInvalidlogin -->
