<?xml version="1.0" encoding="UTF-8"?>
<!-- Generated by org.testng.reporters.JUnitReportReporter -->
<testsuite hostname="DESKTOP-L43RQ6L" name="idec.Registeranapplicant" tests="1" failures="0" timestamp="5 Apr 2019 12:12:38 GMT" time="22.233" errors="0">
  <testcase name="ApplicantReg_Idec" time="22.233" classname="idec.Registeranapplicant"/>
</testsuite> <!-- idec.Registeranapplicant -->
